# JRE version: OpenJDK Runtime Environment Temurin-17.0.7+7 (17.0.7+7) (build 17.0.7+7)
# Java VM: OpenJDK 64-Bit Server VM Temurin-17.0.7+7 (17.0.7+7, mixed mode, emulated-client, tiered, compressed oops, compressed class ptrs, g1 gc, windows-amd64)
GC Precious Log:
 CPUs: 4 total, 4 available
 Memory: 3962M
 Large Page Support: Disabled
 NUMA Support: Disabled
 Compressed Oops: Enabled (32-bit)
 Heap Region Size: 1M
 Heap Min Capacity: 8M
 Heap Initial Capacity: 62M
 Heap Max Capacity: 1G
 Pre-touch: Disabled
 Parallel Workers: 4
 Concurrent Workers: 1
 Concurrent Refinement Workers: 4
 Periodic GC: Disabled
Heap:
 garbage-first heap   total 58368K, used 18085K [0x00000000c0000000, 0x0000000100000000)
  region size 1024K, 1 young (1024K), 0 survivors (0K)
 Metaspace       used 37030K, committed 37504K, reserved 1114112K
  class space    used 4791K, committed 4992K, reserved 1048576K
GC Heap History (20 events):
Event: 112.369 GC heap before
{Heap before GC invocations=15 (full 3):
 garbage-first heap   total 58368K, used 18085K [0x00000000c0000000, 0x0000000100000000)
  region size 1024K, 1 young (1024K), 0 survivors (0K)
 Metaspace       used 37030K, committed 37504K, reserved 1114112K
  class space    used 4791K, committed 4992K, reserved 1048576K
}
Event: 112.411 GC heap after
{Heap after GC invocations=16 (full 4):
 garbage-first heap   total 58368K, used 18085K [0x00000000c0000000, 0x0000000100000000)
  region size 1024K, 0 young (0K), 0 survivors (0K)
 Metaspace       used 37030K, committed 37504K, reserved 1114112K
  class space    used 4791K, committed 4992K, reserved 1048576K
}
Event: 123.991 GC heap before
{Heap before GC invocations=16 (full 4):
 garbage-first heap   total 58368K, used 18085K [0x00000000c0000000, 0x0000000100000000)
  region size 1024K, 1 young (1024K), 0 survivors (0K)
 Metaspace       used 37030K, committed 37504K, reserved 1114112K
  class space    used 4791K, committed 4992K, reserved 1048576K
}
Event: 124.032 GC heap after
{Heap after GC invocations=17 (full 5):
 garbage-first heap   total 58368K, used 18085K [0x00000000c0000000, 0x0000000100000000)
  region size 1024K, 0 young (0K), 0 survivors (0K)
 Metaspace       used 37030K, committed 37504K, reserved 1114112K
  class space    used 4791K, committed 4992K, reserved 1048576K
}
Event: 136.550 GC heap before
{Heap before GC invocations=17 (full 5):
 garbage-first heap   total 58368K, used 18085K [0x00000000c0000000, 0x0000000100000000)
  region size 1024K, 1 young (1024K), 0 survivors (0K)
 Metaspace       used 37030K, committed 37504K, reserved 1114112K
  class space    used 4791K, committed 4992K, reserved 1048576K
}
Event: 136.590 GC heap after
{Heap after GC invocations=18 (full 6):
 garbage-first heap   total 58368K, used 18085K [0x00000000c0000000, 0x0000000100000000)
  region size 1024K, 0 young (0K), 0 survivors (0K)
 Metaspace       used 37030K, committed 37504K, reserved 1114112K
  class space    used 4791K, committed 4992K, reserved 1048576K
}
Event: 148.218 GC heap before
{Heap before GC invocations=18 (full 6):
 garbage-first heap   total 58368K, used 18085K [0x00000000c0000000, 0x0000000100000000)
  region size 1024K, 1 young (1024K), 0 survivors (0K)
 Metaspace       used 37030K, committed 37504K, reserved 1114112K
  class space    used 4791K, committed 4992K, reserved 1048576K
}
Event: 148.262 GC heap after
{Heap after GC invocations=19 (full 7):
 garbage-first heap   total 58368K, used 18085K [0x00000000c0000000, 0x0000000100000000)
  region size 1024K, 0 young (0K), 0 survivors (0K)
 Metaspace       used 37030K, committed 37504K, reserved 1114112K
  class space    used 4791K, committed 4992K, reserved 1048576K
}
Event: 160.355 GC heap before
{Heap before GC invocations=19 (full 7):
 garbage-first heap   total 58368K, used 18085K [0x00000000c0000000, 0x0000000100000000)
  region size 1024K, 1 young (1024K), 0 survivors (0K)
 Metaspace       used 37030K, committed 37504K, reserved 1114112K
  class space    used 4791K, committed 4992K, reserved 1048576K
}
Event: 160.419 GC heap after
{Heap after GC invocations=20 (full 8):
 garbage-first heap   total 58368K, used 18085K [0x00000000c0000000, 0x0000000100000000)
  region size 1024K, 0 young (0K), 0 survivors (0K)
 Metaspace       used 37030K, committed 37504K, reserved 1114112K
  class space    used 4791K, committed 4992K, reserved 1048576K
}
Event: 171.408 GC heap before
{Heap before GC invocations=20 (full 8):
 garbage-first heap   total 58368K, used 18085K [0x00000000c0000000, 0x0000000100000000)
  region size 1024K, 1 young (1024K), 0 survivors (0K)
 Metaspace       used 37030K, committed 37504K, reserved 1114112K
  class space    used 4791K, committed 4992K, reserved 1048576K
}
Event: 171.445 GC heap after
{Heap after GC invocations=21 (full 9):
 garbage-first heap   total 58368K, used 18085K [0x00000000c0000000, 0x0000000100000000)
  region size 1024K, 0 young (0K), 0 survivors (0K)
 Metaspace       used 37030K, committed 37504K, reserved 1114112K
  class space    used 4791K, committed 4992K, reserved 1048576K
}
Event: 183.613 GC heap before
{Heap before GC invocations=21 (full 9):
 garbage-first heap   total 58368K, used 18085K [0x00000000c0000000, 0x0000000100000000)
  region size 1024K, 1 young (1024K), 0 survivors (0K)
 Metaspace       used 37030K, committed 37504K, reserved 1114112K
  class space    used 4791K, committed 4992K, reserved 1048576K
}
Event: 183.652 GC heap after
{Heap after GC invocations=22 (full 10):
 garbage-first heap   total 58368K, used 18085K [0x00000000c0000000, 0x0000000100000000)
  region size 1024K, 0 young (0K), 0 survivors (0K)
 Metaspace       used 37030K, committed 37504K, reserved 1114112K
  class space    used 4791K, committed 4992K, reserved 1048576K
}
Event: 197.709 GC heap before
{Heap before GC invocations=22 (full 10):
 garbage-first heap   total 58368K, used 18085K [0x00000000c0000000, 0x0000000100000000)
  region size 1024K, 1 young (1024K), 0 survivors (0K)
 Metaspace       used 37030K, committed 37504K, reserved 1114112K
  class space    used 4791K, committed 4992K, reserved 1048576K
}
Event: 197.757 GC heap after
{Heap after GC invocations=23 (full 11):
 garbage-first heap   total 58368K, used 18085K [0x00000000c0000000, 0x0000000100000000)
  region size 1024K, 0 young (0K), 0 survivors (0K)
 Metaspace       used 37030K, committed 37504K, reserved 1114112K
  class space    used 4791K, committed 4992K, reserved 1048576K
}
Event: 211.054 GC heap before
{Heap before GC invocations=23 (full 11):
 garbage-first heap   total 58368K, used 18085K [0x00000000c0000000, 0x0000000100000000)
  region size 1024K, 1 young (1024K), 0 survivors (0K)
 Metaspace       used 37030K, committed 37504K, reserved 1114112K
  class space    used 4791K, committed 4992K, reserved 1048576K
}
Event: 211.104 GC heap after
{Heap after GC invocations=24 (full 12):
 garbage-first heap   total 58368K, used 18085K [0x00000000c0000000, 0x0000000100000000)
  region size 1024K, 0 young (0K), 0 survivors (0K)
 Metaspace       used 37030K, committed 37504K, reserved 1114112K
  class space    used 4791K, committed 4992K, reserved 1048576K
}
Event: 223.005 GC heap before
{Heap before GC invocations=24 (full 12):
 garbage-first heap   total 58368K, used 18085K [0x00000000c0000000, 0x0000000100000000)
  region size 1024K, 1 young (1024K), 0 survivors (0K)
 Metaspace       used 37030K, committed 37504K, reserved 1114112K
  class space    used 4791K, committed 4992K, reserved 1048576K
}
Event: 223.047 GC heap after
{Heap after GC invocations=25 (full 13):
 garbage-first heap   total 58368K, used 18085K [0x00000000c0000000, 0x0000000100000000)
  region size 1024K, 0 young (0K), 0 survivors (0K)
 Metaspace       used 37030K, committed 37504K, reserved 1114112K
  class space    used 4791K, committed 4992K, reserved 1048576K
}

