# JRE version: OpenJDK Runtime Environment Temurin-17.0.7+7 (17.0.7+7) (build 17.0.7+7)
# Java VM: OpenJDK 64-Bit Server VM Temurin-17.0.7+7 (17.0.7+7, mixed mode, emulated-client, tiered, compressed oops, compressed class ptrs, g1 gc, windows-amd64)
GC Precious Log:
 CPUs: 4 total, 4 available
 Memory: 3962M
 Large Page Support: Disabled
 NUMA Support: Disabled
 Compressed Oops: Enabled (32-bit)
 Heap Region Size: 1M
 Heap Min Capacity: 8M
 Heap Initial Capacity: 62M
 Heap Max Capacity: 1G
 Pre-touch: Disabled
 Parallel Workers: 4
 Concurrent Workers: 1
 Concurrent Refinement Workers: 4
 Periodic GC: Disabled
Heap:
 garbage-first heap   total 58368K, used 32491K [0x00000000c0000000, 0x0000000100000000)
  region size 1024K, 21 young (21504K), 4 survivors (4096K)
 Metaspace       used 28752K, committed 29056K, reserved 1114112K
  class space    used 3602K, committed 3712K, reserved 1048576K
GC Heap History (12 events):
Event: 6.170 GC heap before
{Heap before GC invocations=0 (full 0):
 garbage-first heap   total 63488K, used 13312K [0x00000000c0000000, 0x0000000100000000)
  region size 1024K, 13 young (13312K), 0 survivors (0K)
 Metaspace       used 5733K, committed 5888K, reserved 1114112K
  class space    used 552K, committed 640K, reserved 1048576K
}
Event: 6.297 GC heap after
{Heap after GC invocations=1 (full 0):
 garbage-first heap   total 63488K, used 9029K [0x00000000c0000000, 0x0000000100000000)
  region size 1024K, 2 young (2048K), 2 survivors (2048K)
 Metaspace       used 5733K, committed 5888K, reserved 1114112K
  class space    used 552K, committed 640K, reserved 1048576K
}
Event: 8.978 GC heap before
{Heap before GC invocations=1 (full 0):
 garbage-first heap   total 63488K, used 18245K [0x00000000c0000000, 0x0000000100000000)
  region size 1024K, 11 young (11264K), 2 survivors (2048K)
 Metaspace       used 8537K, committed 8768K, reserved 1114112K
  class space    used 979K, committed 1088K, reserved 1048576K
}
Event: 8.985 GC heap after
{Heap after GC invocations=2 (full 0):
 garbage-first heap   total 63488K, used 10364K [0x00000000c0000000, 0x0000000100000000)
  region size 1024K, 2 young (2048K), 2 survivors (2048K)
 Metaspace       used 8537K, committed 8768K, reserved 1114112K
  class space    used 979K, committed 1088K, reserved 1048576K
}
Event: 13.039 GC heap before
{Heap before GC invocations=2 (full 0):
 garbage-first heap   total 63488K, used 25724K [0x00000000c0000000, 0x0000000100000000)
  region size 1024K, 18 young (18432K), 2 survivors (2048K)
 Metaspace       used 13517K, committed 13696K, reserved 1114112K
  class space    used 1669K, committed 1792K, reserved 1048576K
}
Event: 13.047 GC heap after
{Heap after GC invocations=3 (full 0):
 garbage-first heap   total 63488K, used 11725K [0x00000000c0000000, 0x0000000100000000)
  region size 1024K, 3 young (3072K), 3 survivors (3072K)
 Metaspace       used 13517K, committed 13696K, reserved 1114112K
  class space    used 1669K, committed 1792K, reserved 1048576K
}
Event: 15.976 GC heap before
{Heap before GC invocations=3 (full 0):
 garbage-first heap   total 63488K, used 34253K [0x00000000c0000000, 0x0000000100000000)
  region size 1024K, 26 young (26624K), 3 survivors (3072K)
 Metaspace       used 19189K, committed 19392K, reserved 1114112K
  class space    used 2372K, committed 2496K, reserved 1048576K
}
Event: 15.984 GC heap after
{Heap after GC invocations=4 (full 0):
 garbage-first heap   total 63488K, used 13987K [0x00000000c0000000, 0x0000000100000000)
  region size 1024K, 4 young (4096K), 4 survivors (4096K)
 Metaspace       used 19189K, committed 19392K, reserved 1114112K
  class space    used 2372K, committed 2496K, reserved 1048576K
}
Event: 17.118 GC heap before
{Heap before GC invocations=4 (full 0):
 garbage-first heap   total 63488K, used 20131K [0x00000000c0000000, 0x0000000100000000)
  region size 1024K, 11 young (11264K), 4 survivors (4096K)
 Metaspace       used 21293K, committed 21504K, reserved 1114112K
  class space    used 2602K, committed 2688K, reserved 1048576K
}
Event: 17.126 GC heap after
{Heap after GC invocations=5 (full 0):
 garbage-first heap   total 63488K, used 14940K [0x00000000c0000000, 0x0000000100000000)
  region size 1024K, 2 young (2048K), 2 survivors (2048K)
 Metaspace       used 21293K, committed 21504K, reserved 1114112K
  class space    used 2602K, committed 2688K, reserved 1048576K
}
Event: 18.946 GC heap before
{Heap before GC invocations=6 (full 0):
 garbage-first heap   total 58368K, used 39516K [0x00000000c0000000, 0x0000000100000000)
  region size 1024K, 27 young (27648K), 2 survivors (2048K)
 Metaspace       used 26874K, committed 27136K, reserved 1114112K
  class space    used 3350K, committed 3456K, reserved 1048576K
}
Event: 18.955 GC heap after
{Heap after GC invocations=7 (full 0):
 garbage-first heap   total 58368K, used 17131K [0x00000000c0000000, 0x0000000100000000)
  region size 1024K, 4 young (4096K), 4 survivors (4096K)
 Metaspace       used 26874K, committed 27136K, reserved 1114112K
  class space    used 3350K, committed 3456K, reserved 1048576K
}

